0 info it worked if it ends with ok
1 verbose cli [ 'node', '/usr/local/bin/npm', 'install', '-g', 'grunt-cli' ]
2 info using npm@2.7.4
3 info using node@v0.12.2
4 silly cache add args [ 'grunt-cli', null ]
5 verbose cache add spec grunt-cli
6 silly cache add parsed spec { raw: 'grunt-cli',
6 silly cache add   scope: null,
6 silly cache add   name: 'grunt-cli',
6 silly cache add   rawSpec: '',
6 silly cache add   spec: '*',
6 silly cache add   type: 'range' }
7 verbose addNamed grunt-cli@*
8 silly addNamed semver.valid null
9 silly addNamed semver.validRange *
10 silly addNameRange { name: 'grunt-cli', range: '*', hasData: false }
11 silly mapToRegistry name grunt-cli
12 silly mapToRegistry using default registry
13 silly mapToRegistry registry https://registry.npmjs.org/
14 silly mapToRegistry uri https://registry.npmjs.org/grunt-cli
15 verbose addNameRange registry:https://registry.npmjs.org/grunt-cli not in flight; fetching
16 verbose request uri https://registry.npmjs.org/grunt-cli
17 verbose request no auth needed
18 info attempt registry request try #1 at 2:43:05 PM
19 verbose request id 308887118eb82ee4
20 http request GET https://registry.npmjs.org/grunt-cli
21 http 200 https://registry.npmjs.org/grunt-cli
22 silly get cb [ 200,
22 silly get   { date: 'Sun, 12 Apr 2015 20:43:03 GMT',
22 silly get     server: 'CouchDB/1.5.0 (Erlang OTP/R16B03)',
22 silly get     etag: '"2EGSBIREMA26FXHEYS0CJPYJD"',
22 silly get     'content-type': 'application/json',
22 silly get     'cache-control': 'max-age=60',
22 silly get     'content-length': '20687',
22 silly get     'accept-ranges': 'bytes',
22 silly get     via: '1.1 varnish',
22 silly get     age: '21',
22 silly get     'x-served-by': 'cache-dfw1833-DFW',
22 silly get     'x-cache': 'HIT',
22 silly get     'x-cache-hits': '1',
22 silly get     'x-timer': 'S1428871383.112040,VS0,VE0',
22 silly get     vary: 'Accept',
22 silly get     'keep-alive': 'timeout=10, max=50',
22 silly get     connection: 'Keep-Alive' } ]
23 verbose get saving grunt-cli to /Users/christanfergus/.npm/registry.npmjs.org/grunt-cli/.cache.json
24 silly addNameRange number 2 { name: 'grunt-cli', range: '*', hasData: true }
25 silly addNameRange versions [ 'grunt-cli',
25 silly addNameRange   [ '0.1.0',
25 silly addNameRange     '0.1.1',
25 silly addNameRange     '0.1.2',
25 silly addNameRange     '0.1.3',
25 silly addNameRange     '0.1.4',
25 silly addNameRange     '0.1.5',
25 silly addNameRange     '0.1.6',
25 silly addNameRange     '0.1.7',
25 silly addNameRange     '0.1.8',
25 silly addNameRange     '0.1.9',
25 silly addNameRange     '0.1.10',
25 silly addNameRange     '0.1.11',
25 silly addNameRange     '0.1.12',
25 silly addNameRange     '0.1.13' ] ]
26 verbose addNamed grunt-cli@0.1.13
27 silly addNamed semver.valid 0.1.13
28 silly addNamed semver.validRange 0.1.13
29 silly cache afterAdd grunt-cli@0.1.13
30 verbose afterAdd /Users/christanfergus/.npm/grunt-cli/0.1.13/package/package.json not in flight; writing
31 verbose afterAdd /Users/christanfergus/.npm/grunt-cli/0.1.13/package/package.json written
32 silly install resolved [ { name: 'grunt-cli',
32 silly install resolved     description: 'The grunt command line interface.',
32 silly install resolved     version: '0.1.13',
32 silly install resolved     author: { name: 'Grunt Team' },
32 silly install resolved     homepage: 'http://gruntjs.com/',
32 silly install resolved     repository: { type: 'git', url: 'git://github.com/gruntjs/grunt-cli.git' },
32 silly install resolved     bugs: { url: 'http://github.com/gruntjs/grunt-cli/issues' },
32 silly install resolved     licenses: [ [Object] ],
32 silly install resolved     bin: { grunt: 'bin/grunt' },
32 silly install resolved     engines: { node: '>= 0.8.0' },
32 silly install resolved     scripts: { test: 'node bin/grunt test' },
32 silly install resolved     preferGlobal: true,
32 silly install resolved     dependencies: { nopt: '~1.0.10', 'findup-sync': '~0.1.0', resolve: '~0.3.1' },
32 silly install resolved     devDependencies: { grunt: '~0.4.0', 'grunt-contrib-jshint': '~0.2.0' },
32 silly install resolved     contributors: [ [Object], [Object], [Object], [Object] ],
32 silly install resolved     readme: '# grunt-cli [![Build Status](https://secure.travis-ci.org/gruntjs/grunt-cli.png?branch=master)](http://travis-ci.org/gruntjs/grunt-cli)\n> The Grunt command line interface.\n\nInstall this globally and you\'ll have access to the `grunt` command anywhere on your system.\n\n```shell\nnpm install -g grunt-cli\n```\n\n**Note:** The job of the `grunt` command is to load and run the version of Grunt you have installed locally to your project, irrespective of its version.  Starting with Grunt v0.4, you should never install Grunt itself globally.  For more information about why, [please read this](http://blog.nodejs.org/2011/03/23/npm-1-0-global-vs-local-installation).\n\nSee the [Getting Started](http://gruntjs.com/getting-started) guide for more information.\n\n## Shell tab auto-completion\nTo enable tab auto-completion for Grunt, add one of the following lines to your `~/.bashrc` or `~/.zshrc` file.\n\n```bash\n# Bash, ~/.bashrc\neval "$(grunt --completion=bash)"\n```\n\n```bash\n# Zsh, ~/.zshrc\neval "$(grunt --completion=zsh)"\n```\n\n## Installing grunt-cli locally\nIf you prefer the idiomatic Node.js method to get started with a project (`npm install && npm test`) then install grunt-cli locally with `npm install grunt-cli --save-dev`. Then add a script to your `package.json` to run the associated grunt command: `"scripts": { "test": "grunt test" } `. Now `npm test` will use the locally installed `./node_modules/.bin/grunt` executable to run your Grunt commands.\n\nTo read more about npm scripts, please visit the npm docs: [https://npmjs.org/doc/misc/npm-scripts.html](https://npmjs.org/doc/misc/npm-scripts.html).\n',
32 silly install resolved     readmeFilename: 'README.md',
32 silly install resolved     _id: 'grunt-cli@0.1.13',
32 silly install resolved     _shasum: 'e9ebc4047631f5012d922770c39378133cad10f4',
32 silly install resolved     _from: 'grunt-cli@*',
32 silly install resolved     _resolved: 'https://registry.npmjs.org/grunt-cli/-/grunt-cli-0.1.13.tgz' } ]
33 info install grunt-cli@0.1.13 into /usr/local/lib
34 info installOne grunt-cli@0.1.13
35 verbose installOne of grunt-cli to /usr/local/lib not in flight; installing
36 verbose lock using /Users/christanfergus/.npm/_locks/grunt-cli-58f484dab06f0a30.lock for /usr/local/lib/node_modules/grunt-cli
37 silly install write writing grunt-cli 0.1.13 to /usr/local/lib/node_modules/grunt-cli
38 silly cache addNamed cb grunt-cli@0.1.13
39 verbose unbuild lib/node_modules/grunt-cli
40 silly gentlyRm /usr/local/lib/node_modules/grunt-cli is being purged from base /usr/local
41 verbose gentlyRm don't care about contents; nuking /usr/local/lib/node_modules/grunt-cli
42 verbose tar unpack /Users/christanfergus/.npm/grunt-cli/0.1.13/package.tgz
43 verbose tar unpacking to /usr/local/lib/node_modules/grunt-cli
44 silly gentlyRm /usr/local/lib/node_modules/grunt-cli is being purged
45 verbose gentlyRm don't care about contents; nuking /usr/local/lib/node_modules/grunt-cli
46 silly gunzTarPerm modes [ '755', '644' ]
47 error tar.unpack untar error /Users/christanfergus/.npm/grunt-cli/0.1.13/package.tgz
48 verbose unlock done using /Users/christanfergus/.npm/_locks/grunt-cli-58f484dab06f0a30.lock for /usr/local/lib/node_modules/grunt-cli
49 verbose fstream_path /usr/local/lib/node_modules/grunt-cli
50 verbose fstream_type Directory
51 verbose fstream_class DirWriter
52 verbose stack Error: EACCES, mkdir '/usr/local/lib/node_modules/grunt-cli'
52 verbose stack     at Error (native)
53 verbose fstream_stack /usr/local/lib/node_modules/npm/node_modules/fstream/lib/dir-writer.js:36:23
53 verbose fstream_stack /usr/local/lib/node_modules/npm/node_modules/mkdirp/index.js:46:53
53 verbose fstream_stack FSReqWrap.oncomplete (fs.js:95:15)
54 verbose cwd /Users/christanfergus/Projects/fergdblog
55 error Darwin 10.8.0
56 error argv "node" "/usr/local/bin/npm" "install" "-g" "grunt-cli"
57 error node v0.12.2
58 error npm  v2.7.4
59 error path /usr/local/lib/node_modules/grunt-cli
60 error code EACCES
61 error errno -13
62 error Error: EACCES, mkdir '/usr/local/lib/node_modules/grunt-cli'
62 error     at Error (native)
62 error  { [Error: EACCES, mkdir '/usr/local/lib/node_modules/grunt-cli']
62 error   errno: -13,
62 error   code: 'EACCES',
62 error   path: '/usr/local/lib/node_modules/grunt-cli',
62 error   fstream_type: 'Directory',
62 error   fstream_path: '/usr/local/lib/node_modules/grunt-cli',
62 error   fstream_class: 'DirWriter',
62 error   fstream_stack:
62 error    [ '/usr/local/lib/node_modules/npm/node_modules/fstream/lib/dir-writer.js:36:23',
62 error      '/usr/local/lib/node_modules/npm/node_modules/mkdirp/index.js:46:53',
62 error      'FSReqWrap.oncomplete (fs.js:95:15)' ] }
63 error Please try running this command again as root/Administrator.
64 verbose exit [ -13, true ]
65 verbose unbuild lib/node_modules/grunt-cli
66 silly gentlyRm /usr/local/lib/node_modules/grunt-cli is being purged from base /usr/local
67 verbose gentlyRm don't care about contents; nuking /usr/local/lib/node_modules/grunt-cli
